<?xml version="1.0" encoding="UTF-8"?>
<testsuite name="Como usuario quiero ingresar a la aplicacion" tests="1" skipped="0" failures="0" errors="0" timestamp="2022-05-05T17:21:52" hostname="DESKTOP-FJ634HR" time="11.269">
  <properties/>
  <testcase name="Colocar los datos de logeo" classname="Como usuario quiero ingresar a la aplicacion" time="11.269"/>
  <system-out><![CDATA[12:21:53.204 [Test worker] INFO io.cucumber.core.plugin.SerenityReporter - Running feature from file:///E:/Inteliij/Pruebagitactions/src/test/resources/features/prueba.feature
12:21:53.326 [Test worker] INFO  - 
  _____   ___   ___   _____     ___   _____     _     ___   _____   ___   ___  
 |_   _| | __| / __| |_   _|   / __| |_   _|   /_\   | _ \ |_   _| | __| |   \ 
   | |   | _|  \__ \   | |     \__ \   | |    / _ \  |   /   | |   | _|  | |) |
   |_|   |___| |___/   |_|     |___/   |_|   /_/ \_\ |_|_\   |_|   |___| |___/ 

Colocar los datos de logeo(como-usuario-quiero-ingresar-a-la-aplicacion;colocar-los-datos-de-logeo)
--------------------------------------------------------------------------------
12:21:53.410 [Test worker] DEBUG net.thucydides.core.requirements.model.cucumber.CucumberParser - Added feature Como usuario quiero ingresar a la aplicacion
12:21:53.442 [Test worker] DEBUG net.thucydides.core.requirements.model.cucumber.CucumberParser - Added feature Como usuario deseo ingresa a la pagina correctamente
|-- Given Ingreso usuario a la pagina web
|---- Pablo opens the https://www.saucedemo.com/
12:21:54.152 [Test worker] DEBUG net.thucydides.core.steps.StepInterceptor - STARTING STEP: pruebaStep.ingresoALaPaginaWeb - {0} opens the #url
12:21:54.244 [Test worker] INFO net.serenitybdd.core.webdriver.driverproviders.ChromeDriverProvider - Using automatically driver download
12:21:54.922 [Test worker] DEBUG io.github.bonigarcia.wdm.cache.ResolutionCache - Resolution chrome=101 in cache (valid until 12:43:11 05/05/2022 COT)
12:21:54.923 [Test worker] DEBUG io.github.bonigarcia.wdm.cache.ResolutionCache - Resolution chrome101=101.0.4951.41 in cache (valid until 12:56:02 05/05/2022 COT)
12:21:54.924 [Test worker] INFO io.github.bonigarcia.wdm.WebDriverManager - Using chromedriver 101.0.4951.41 (resolved driver for Chrome 101)
12:21:54.938 [Test worker] DEBUG io.github.bonigarcia.wdm.WebDriverManager - Driver chromedriver 101.0.4951.41 found in cache
12:21:54.939 [Test worker] INFO io.github.bonigarcia.wdm.WebDriverManager - Exporting webdriver.chrome.driver as C:\Users\Johoxtum\.cache\selenium\chromedriver\win32\101.0.4951.41\chromedriver.exe
12:21:56.289 [Test worker] INFO net.serenitybdd.core.webdriver.driverproviders.ProvideNewDriver - Instantiating driver
12:21:56.289 [Test worker] INFO net.serenitybdd.core.webdriver.driverproviders.ProvideNewDriver - Driver capabilities: Capabilities {acceptInsecureCerts: false, browserName: chrome, chrome.switches: --headless; --no-sandbox;--..., goog:chromeOptions: {args: [--headless, --no-sandbox, --incognito, --disable-dev-shm-usage, --lang=es, --disable-popup-blocking, --disable-download-notifica..., --start-maximized, --test-type, --ignore-certificate-errors, --allow-running-insecure-co..., --disable-translate, --always-authorize-plugins, --disable-extensions], extensions: []}, loggingPrefs: org.openqa.selenium.logging...}
12:21:59.211 [Test worker] DEBUG net.serenitybdd.core.photography.Darkroom - Opening darkroom
12:21:59.213 [Darkroom Processing Line] DEBUG net.serenitybdd.core.photography.DarkroomProcessingLine - Darkroom processing line starting up
12:21:59.700 [Test worker] DEBUG net.serenitybdd.core.photography.Darkroom - Send negative for processing for E:\Inteliij\Pruebagitactions\target\site\serenity\6a7203ee527b71fabb6c8621b059141e1669c778fc543bb84de956eeca82caeb.png
12:21:59.700 [Darkroom Processing Line] DEBUG net.serenitybdd.core.photography.DarkroomProcessingLine - Processing screenshot image in /var/screenshots/screenshot-4561393397958630888
12:21:59.701 [Darkroom Processing Line] DEBUG net.serenitybdd.core.photography.DarkroomProcessingLine - Saving screenshot to E:\Inteliij\Pruebagitactions\target\site\serenity\6a7203ee527b71fabb6c8621b059141e1669c778fc543bb84de956eeca82caeb.png
12:21:59.704 [Test worker] DEBUG net.thucydides.core.steps.StepInterceptor - STEP DONE: {0} opens the #url
12:21:59.965 [Test worker] DEBUG net.serenitybdd.core.photography.Darkroom - Send negative for processing for E:\Inteliij\Pruebagitactions\target\site\serenity\6a7203ee527b71fabb6c8621b059141e1669c778fc543bb84de956eeca82caeb.png
|-- When Ingreso los siguientes datos solicitados
|---- Pablo probe task
12:22:00.005 [Test worker] DEBUG net.thucydides.core.steps.StepInterceptor - STARTING STEP: pruebaStep.ingresoLosSiguientesDatosSolicitados - performAs
12:22:00.309 [Test worker] DEBUG net.serenitybdd.core.photography.Darkroom - Send negative for processing for E:\Inteliij\Pruebagitactions\target\site\serenity\6a7203ee527b71fabb6c8621b059141e1669c778fc543bb84de956eeca82caeb.png
|------ Pablo enters 'standard_user' into Usuario
12:22:00.311 [Test worker] DEBUG net.thucydides.core.steps.StepInterceptor - STARTING STEP: probeTask.performAs - {0} enters #theTextAsAString into #target
12:22:00.380 [Test worker] DEBUG net.serenitybdd.screenplay.targets.IFrameSwitcher - default content already selected for Usuario
12:22:00.754 [Test worker] DEBUG net.serenitybdd.core.photography.Darkroom - Send negative for processing for E:\Inteliij\Pruebagitactions\target\site\serenity\db764f10c9fe598990b7a9e33f33e916b1a0e86c306cc31ba5cab556fa1ee1f9.png
12:22:00.754 [Darkroom Processing Line] DEBUG net.serenitybdd.core.photography.DarkroomProcessingLine - Processing screenshot image in /var/screenshots/screenshot-5679030966756545860
12:22:00.755 [Darkroom Processing Line] DEBUG net.serenitybdd.core.photography.DarkroomProcessingLine - Saving screenshot to E:\Inteliij\Pruebagitactions\target\site\serenity\db764f10c9fe598990b7a9e33f33e916b1a0e86c306cc31ba5cab556fa1ee1f9.png
12:22:00.755 [Test worker] DEBUG net.thucydides.core.steps.StepInterceptor - STEP DONE: {0} enters #theTextAsAString into #target
|------ Pablo enters 'secret_sauce' into Usuario
12:22:00.782 [Test worker] DEBUG net.thucydides.core.steps.StepInterceptor - STARTING STEP: probeTask.performAs - {0} enters #theTextAsAString into #target
12:22:00.784 [Test worker] DEBUG net.serenitybdd.screenplay.targets.IFrameSwitcher - default content already selected for Usuario
12:22:01.157 [Test worker] DEBUG net.serenitybdd.core.photography.Darkroom - Send negative for processing for E:\Inteliij\Pruebagitactions\target\site\serenity\3e7a9f3943b76c5cb602acbb44138e107140089fae5d3742c94cdb0a96030610.png
12:22:01.158 [Darkroom Processing Line] DEBUG net.serenitybdd.core.photography.DarkroomProcessingLine - Processing screenshot image in /var/screenshots/screenshot-1118710954449189684
12:22:01.158 [Darkroom Processing Line] DEBUG net.serenitybdd.core.photography.DarkroomProcessingLine - Saving screenshot to E:\Inteliij\Pruebagitactions\target\site\serenity\3e7a9f3943b76c5cb602acbb44138e107140089fae5d3742c94cdb0a96030610.png
12:22:01.159 [Test worker] DEBUG net.thucydides.core.steps.StepInterceptor - STEP DONE: {0} enters #theTextAsAString into #target
|------ Pablo clicks on Usuario
12:22:01.189 [Test worker] DEBUG net.thucydides.core.steps.StepInterceptor - STARTING STEP: probeTask.performAs - {0} clicks on #target
12:22:01.190 [Test worker] DEBUG net.serenitybdd.screenplay.targets.IFrameSwitcher - default content already selected for Usuario
12:22:01.927 [Test worker] DEBUG net.serenitybdd.core.photography.Darkroom - Send negative for processing for E:\Inteliij\Pruebagitactions\target\site\serenity\16968166c24f1c2a5b03aaffef47d161e23533cbabffb236dc6f93b3b00fb925.png
12:22:01.927 [Test worker] DEBUG net.thucydides.core.steps.StepInterceptor - STEP DONE: {0} clicks on #target
12:22:01.927 [Darkroom Processing Line] DEBUG net.serenitybdd.core.photography.DarkroomProcessingLine - Processing screenshot image in /var/screenshots/screenshot-5535447739111413939
12:22:01.928 [Darkroom Processing Line] DEBUG net.serenitybdd.core.photography.DarkroomProcessingLine - Saving screenshot to E:\Inteliij\Pruebagitactions\target\site\serenity\16968166c24f1c2a5b03aaffef47d161e23533cbabffb236dc6f93b3b00fb925.png
12:22:01.946 [Test worker] DEBUG net.thucydides.core.steps.StepInterceptor - STEP DONE: performAs
12:22:02.315 [Test worker] DEBUG net.serenitybdd.core.photography.Darkroom - Send negative for processing for E:\Inteliij\Pruebagitactions\target\site\serenity\16968166c24f1c2a5b03aaffef47d161e23533cbabffb236dc6f93b3b00fb925.png
|-- Then Veo la pantalla principal
Implementa-------------------OWAPZAP
12:22:03.445 [Test worker] DEBUG net.serenitybdd.core.photography.Darkroom - Send negative for processing for E:\Inteliij\Pruebagitactions\target\site\serenity\16968166c24f1c2a5b03aaffef47d161e23533cbabffb236dc6f93b3b00fb925.png
12:22:04.239 [Test worker] INFO  - 
  _____   ___   ___   _____     ___     _     ___   ___   ___   ___  
 |_   _| | __| / __| |_   _|   | _ \   /_\   / __| / __| | __| |   \ 
   | |   | _|  \__ \   | |     |  _/  / _ \  \__ \ \__ \ | _|  | |) |
   |_|   |___| |___/   |_|     |_|   /_/ \_\ |___/ |___/ |___| |___/ 

Colocar los datos de logeo
----------------------------------------------------------------------
]]></system-out>
  <system-err><![CDATA[Starting ChromeDriver 101.0.4951.41 (93c720db8323b3ec10d056025ab95c23a31997c9-refs/branch-heads/4951@{#904}) on port 30334
Only local connections are allowed.
Please see https://chromedriver.chromium.org/security-considerations for suggestions on keeping ChromeDriver safe.
ChromeDriver was started successfully.
may 05, 2022 12:21:57 PM org.openqa.selenium.remote.ProtocolHandshake createSession
INFORMACIÃ“N: Detected dialect: W3C
]]></system-err>
</testsuite>
