<?xml version="1.0" encoding="UTF-8"?>
<testsuite name="Como usuario quiero ingresar a la aplicacion" tests="1" skipped="0" failures="0" errors="0" timestamp="2022-04-02T01:56:44" hostname="DESKTOP-FJ634HR" time="11.936">
  <properties/>
  <testcase name="Colocar los datos de logeo" classname="Como usuario quiero ingresar a la aplicacion" time="11.936"/>
  <system-out><![CDATA[]]></system-out>
  <system-err><![CDATA[1391 [Test worker] INFO io.cucumber.core.plugin.SerenityReporter - Running feature from file:///E:/Inteliij/Pruebagitactions/src/test/resources/features/prueba.feature
1563 [Test worker] INFO  - 
  _____   ___   ___   _____     ___   _____     _     ___   _____   ___   ___  
 |_   _| | __| / __| |_   _|   / __| |_   _|   /_\   | _ \ |_   _| | __| |   \ 
   | |   | _|  \__ \   | |     \__ \   | |    / _ \  |   /   | |   | _|  | |) |
   |_|   |___| |___/   |_|     |___/   |_|   /_/ \_\ |_|_\   |_|   |___| |___/ 

Colocar los datos de logeo(como-usuario-quiero-ingresar-a-la-aplicacion;colocar-los-datos-de-logeo)
--------------------------------------------------------------------------------
Starting ChromeDriver 100.0.4896.60 (6a5d10861ce8de5fce22564658033b43cb7de047-refs/branch-heads/4896@{#875}) on port 51250
Only local connections are allowed.
Please see https://chromedriver.chromium.org/security-considerations for suggestions on keeping ChromeDriver safe.
ChromeDriver was started successfully.
abr 01, 2022 8:56:47 PM org.openqa.selenium.remote.ProtocolHandshake createSession
INFORMACIÓN: Detected dialect: W3C
abr 01, 2022 8:56:47 PM org.openqa.selenium.devtools.CdpVersionFinder findNearestMatch
ADVERTENCIA: Unable to find an exact match for CDP version 100, so returning the closest version found: 97
abr 01, 2022 8:56:47 PM org.openqa.selenium.devtools.CdpVersionFinder findNearestMatch
INFORMACIÓN: Found CDP implementation for version 100 of 97
4984 [Test worker] INFO net.serenitybdd.core.webdriver.driverproviders.ChromeDriverProvider - Using automatically driver download
5687 [Test worker] INFO io.github.bonigarcia.wdm.WebDriverManager - Using chromedriver 100.0.4896.60 (resolved driver for Chrome 100)
5703 [Test worker] INFO io.github.bonigarcia.wdm.WebDriverManager - Exporting webdriver.chrome.driver as C:\Users\Johoxtum\.cache\selenium\chromedriver\win32\100.0.4896.60\chromedriver.exe
Starting ChromeDriver 100.0.4896.60 (6a5d10861ce8de5fce22564658033b43cb7de047-refs/branch-heads/4896@{#875}) on port 58292
Only local connections are allowed.
Please see https://chromedriver.chromium.org/security-considerations for suggestions on keeping ChromeDriver safe.
ChromeDriver was started successfully.
abr 01, 2022 8:56:50 PM org.openqa.selenium.remote.ProtocolHandshake createSession
INFORMACIÓN: Detected dialect: W3C
abr 01, 2022 8:56:50 PM org.openqa.selenium.devtools.CdpVersionFinder findNearestMatch
ADVERTENCIA: Unable to find an exact match for CDP version 100, so returning the closest version found: 97
abr 01, 2022 8:56:50 PM org.openqa.selenium.devtools.CdpVersionFinder findNearestMatch
INFORMACIÓN: Found CDP implementation for version 100 of 97
12215 [Test worker] INFO  - 
  _____   ___   ___   _____     ___     _     ___   ___   ___   ___  
 |_   _| | __| / __| |_   _|   | _ \   /_\   / __| / __| | __| |   \ 
   | |   | _|  \__ \   | |     |  _/  / _ \  \__ \ \__ \ | _|  | |) |
   |_|   |___| |___/   |_|     |_|   /_/ \_\ |___/ |___/ |___| |___/ 

Colocar los datos de logeo
----------------------------------------------------------------------
]]></system-err>
</testsuite>
