<?xml version="1.0" encoding="UTF-8"?>
<testsuite name="runners.pruebaRunner" tests="0" skipped="0" failures="0" errors="0" timestamp="1970-01-01T00:00:00" hostname="DESKTOP-FJ634HR" time="0.0">
  <properties/>
  <system-out><![CDATA[12:21:52.079 [Test worker] DEBUG net.thucydides.core.util.PropertiesFileLocalPreferences - LOADING LOCAL PROPERTIES FROM E:\Inteliij\Pruebagitactions\serenity.properties 
12:21:52.116 [Test worker] DEBUG net.thucydides.core.util.PropertiesFileLocalPreferences - LOADING LOCAL PROPERTIES FROM E:\Inteliij\Pruebagitactions\serenity.properties 
12:21:52.117 [Test worker] DEBUG net.thucydides.core.util.PropertiesFileLocalPreferences - LOADING LOCAL PROPERTIES FROM E:\Inteliij\Pruebagitactions\serenity.properties 
12:21:52.137 [Test worker] DEBUG net.thucydides.core.util.PropertiesFileLocalPreferences - serenity.logging=VERBOSE
12:21:52.137 [Test worker] DEBUG net.thucydides.core.util.PropertiesFileLocalPreferences - webdriver.driver=chrome
12:21:52.137 [Test worker] DEBUG net.thucydides.core.util.PropertiesFileLocalPreferences - chrome.switches=--headless; --no-sandbox;--incognito;--disable-dev-shm-usage;--lang=es;--disable-popup-blocking;--disable-download-notification;--start-maximized;--test-type;--ignore-certificate-errors;--allow-running-insecure-content;--disable-translate;--always-authorize-plugins;--disable-extensions;
12:21:52.137 [Test worker] DEBUG net.thucydides.core.util.PropertiesFileLocalPreferences - webdriver.timeouts.implicitlywait=3000
12:21:52.137 [Test worker] DEBUG net.thucydides.core.util.PropertiesFileLocalPreferences - webdriver.wait.for.timeout=3000
12:21:52.138 [Test worker] DEBUG net.thucydides.core.util.PropertiesFileLocalPreferences - serenity.browser.maximized=true
12:21:52.138 [Test worker] DEBUG net.thucydides.core.util.PropertiesFileLocalPreferences - chrome-preferences.safebrowsing.enabled=FALSE
12:21:52.570 [Test worker] INFO io.cucumber.core.plugin.SerenityReporter - Running feature from file:///E:/Inteliij/Pruebagitactions/src/test/resources/features/prueba.feature
12:21:52.916 [Test worker] DEBUG net.thucydides.core.util.PropertiesFileLocalPreferences - LOADING LOCAL PROPERTIES FROM E:\Inteliij\Pruebagitactions\serenity.properties 
12:21:52.925 [Test worker] DEBUG net.thucydides.core.util.PropertiesFileLocalPreferences - LOADING LOCAL PROPERTIES FROM E:\Inteliij\Pruebagitactions\serenity.properties 
12:21:52.926 [Test worker] DEBUG net.thucydides.core.util.PropertiesFileLocalPreferences - LOADING LOCAL PROPERTIES FROM E:\Inteliij\Pruebagitactions\serenity.properties 
12:21:52.927 [Test worker] DEBUG net.thucydides.core.util.PropertiesFileLocalPreferences - serenity.logging=VERBOSE
12:21:52.928 [Test worker] DEBUG net.thucydides.core.util.PropertiesFileLocalPreferences - webdriver.driver=chrome
12:21:52.928 [Test worker] DEBUG net.thucydides.core.util.PropertiesFileLocalPreferences - chrome.switches=--headless; --no-sandbox;--incognito;--disable-dev-shm-usage;--lang=es;--disable-popup-blocking;--disable-download-notification;--start-maximized;--test-type;--ignore-certificate-errors;--allow-running-insecure-content;--disable-translate;--always-authorize-plugins;--disable-extensions;
12:21:52.928 [Test worker] DEBUG net.thucydides.core.util.PropertiesFileLocalPreferences - webdriver.timeouts.implicitlywait=3000
12:21:52.928 [Test worker] DEBUG net.thucydides.core.util.PropertiesFileLocalPreferences - webdriver.wait.for.timeout=3000
12:21:52.928 [Test worker] DEBUG net.thucydides.core.util.PropertiesFileLocalPreferences - serenity.browser.maximized=true
12:21:52.928 [Test worker] DEBUG net.thucydides.core.util.PropertiesFileLocalPreferences - chrome-preferences.safebrowsing.enabled=FALSE
12:21:52.939 [Test worker] INFO  - 

-------------------------------------------------------------------------------------
     _______. _______ .______       _______ .__   __.  __  .___________.____    ____ 
    /       ||   ____||   _  \     |   ____||  \ |  | |  | |           |\   \  /   / 
   |   (----`|  |__   |  |_)  |    |  |__   |   \|  | |  | `---|  |----` \   \/   /  
    \   \    |   __|  |      /     |   __|  |  . `  | |  |     |  |       \_    _/   
.----)   |   |  |____ |  |\  \----.|  |____ |  |\   | |  |     |  |         |  |     
|_______/    |_______|| _| `._____||_______||__| \__| |__|     |__|         |__|    
                                                                                     
 News and tutorials at http://www.serenity-bdd.info                                  
 Documentation at https://wakaleo.gitbooks.io/the-serenity-book/content/             
 Join the Serenity Community on Gitter: https://gitter.im/serenity-bdd/serenity-core 
 Serenity BDD Support and Training at http://serenity-bdd.info/#/trainingandsupport  
-------------------------------------------------------------------------------------

12:21:52.946 [Test worker] DEBUG net.thucydides.core.steps.StepEventBus - Test suite started for story net.thucydides.core.model.Story@5318d86a
12:21:52.948 [Test worker] INFO  - Test Suite Started: Como usuario quiero ingresar a la aplicacion

1 Scenarios (?[32m1 passed?[0m)
3 Steps (?[32m3 passed?[0m)
0m11,684s


12:22:04.253 [Test worker] DEBUG net.thucydides.core.reports.ReportService - Reporting formats: [JSON, HTML]
12:22:04.399 [Test worker] DEBUG net.thucydides.core.reports.ReportService - Reporting formats: [JSON, HTML]
12:22:04.421 [Test worker] DEBUG net.thucydides.core.reports.ReportService - Generating reports for 1 test outcomes using: net.thucydides.core.reports.json.JSONTestOutcomeReporter@f87f4a2
12:22:04.423 [pool-1-thread-1] DEBUG net.thucydides.core.reports.ReportService - Processing test outcome Como usuario quiero ingresar a la aplicacion:Colocar los datos de logeo
12:22:04.424 [pool-1-thread-1] INFO net.thucydides.core.reports.ReportService - net.thucydides.core.reports.json.JSONTestOutcomeReporter@f87f4a2: Generating report for test outcome: Como usuario quiero ingresar a la aplicacion:Colocar los datos de logeo
12:22:04.428 [pool-1-thread-1] DEBUG net.thucydides.core.reports.json.JSONTestOutcomeReporter - Generating JSON report for Colocar los datos de logeo to file E:\Inteliij\Pruebagitactions\target\site\serenity\634dabefda7bb373edddc919ff1f186648fe1f3701864d5f5ca4db041dd012c6.json (using temp file E:\Inteliij\Pruebagitactions\target\site\serenity\634dabefda7bb373edddc919ff1f186648fe1f3701864d5f5ca4db041dd012c6.json03f17e9d-690d-47e7-a75e-0a0be543021c)
12:22:04.473 [pool-1-thread-1] DEBUG net.thucydides.core.reports.ReportService - Processing test outcome Como usuario quiero ingresar a la aplicacion:Colocar los datos de logeo done
12:22:04.473 [Test worker] DEBUG net.thucydides.core.reports.ReportService - Shutting down executor service
12:22:04.473 [Test worker] DEBUG net.thucydides.core.reports.ReportService - Reports generated in: 52 ms
12:22:04.473 [Test worker] DEBUG net.thucydides.core.reports.ReportService - Generating reports for 1 test outcomes using: net.thucydides.core.reports.html.HtmlAcceptanceTestReporter@452d435d
12:22:04.475 [pool-2-thread-1] DEBUG net.thucydides.core.reports.ReportService - Processing test outcome Como usuario quiero ingresar a la aplicacion:Colocar los datos de logeo
12:22:04.475 [pool-2-thread-1] INFO net.thucydides.core.reports.ReportService - net.thucydides.core.reports.html.HtmlAcceptanceTestReporter@452d435d: Generating report for test outcome: Como usuario quiero ingresar a la aplicacion:Colocar los datos de logeo
12:22:04.502 [pool-2-thread-1] DEBUG net.thucydides.core.requirements.model.cucumber.CucumberParser - Added feature Como usuario quiero ingresar a la aplicacion
12:22:04.507 [pool-2-thread-1] DEBUG net.thucydides.core.requirements.model.cucumber.CucumberParser - Added feature Como usuario deseo ingresa a la pagina correctamente
12:22:04.521 [pool-2-thread-1] DEBUG net.thucydides.core.requirements.BaseRequirementsService - Requirement found for test outcome Colocar los datos de logeo-[]: Optional[Requirement{name='Como usuario quiero ingresar a la aplicacion', type='feature' parent = 'null', cardNumber='null'}]
12:22:04.524 [pool-2-thread-1] DEBUG net.thucydides.core.requirements.BaseRequirementsService - Requirement found for test outcome Colocar los datos de logeo-[]: Optional[Requirement{name='Como usuario quiero ingresar a la aplicacion', type='feature' parent = 'null', cardNumber='null'}]
12:22:04.546 [pool-2-thread-1] DEBUG net.thucydides.core.requirements.BaseRequirementsService - Requirement found for test outcome Colocar los datos de logeo-[]: Optional[Requirement{name='Como usuario quiero ingresar a la aplicacion', type='feature' parent = 'null', cardNumber='null'}]
12:22:04.547 [pool-2-thread-1] DEBUG net.thucydides.core.requirements.BaseRequirementsService - Requirement found for test outcome Colocar los datos de logeo-[]: Optional[Requirement{name='Como usuario quiero ingresar a la aplicacion', type='feature' parent = 'null', cardNumber='null'}]
12:22:04.691 [pool-2-thread-1] DEBUG serenity.reporting - Generating report in 634dabefda7bb373edddc919ff1f186648fe1f3701864d5f5ca4db041dd012c6_screenshots.html
12:22:05.267 [pool-2-thread-1] DEBUG serenity.reporting - Generated report 634dabefda7bb373edddc919ff1f186648fe1f3701864d5f5ca4db041dd012c6_screenshots.html in 576 ms
12:22:05.270 [pool-2-thread-1] INFO serenity.reporting - 
-----------------------------------------
| TEST NAME:   Colocar los datos de logeo
| RESULT:      Passing
| REQUIREMENT: Como usuario quiero ingresar a la aplicacion
| REPORT:      file:///E:/Inteliij/Pruebagitactions/target/site/serenity/634dabefda7bb373edddc919ff1f186648fe1f3701864d5f5ca4db041dd012c6.html
-----------------------------------------
12:22:05.944 [pool-2-thread-1] DEBUG serenity.reporting - Generating report in 634dabefda7bb373edddc919ff1f186648fe1f3701864d5f5ca4db041dd012c6.html
12:22:06.343 [pool-2-thread-1] DEBUG serenity.reporting - Generated report 634dabefda7bb373edddc919ff1f186648fe1f3701864d5f5ca4db041dd012c6.html in 399 ms
12:22:06.344 [pool-2-thread-1] DEBUG net.thucydides.core.reports.ReportService - Processing test outcome Como usuario quiero ingresar a la aplicacion:Colocar los datos de logeo done
12:22:06.344 [Test worker] DEBUG net.thucydides.core.reports.ReportService - Shutting down executor service
12:22:06.344 [Test worker] DEBUG net.thucydides.core.reports.ReportService - Reports generated in: 1871 ms
12:22:06.593 [Test worker] INFO io.cucumber.core.plugin.SerenityReporter - Cleanup test resources for URI file:///E:/Inteliij/Pruebagitactions/src/test/resources/features/prueba.feature
12:22:06.595 [Test worker] DEBUG net.serenitybdd.core.photography.Darkroom - Closing darkroom
12:22:06.595 [Darkroom Processing Line] DEBUG net.serenitybdd.core.photography.DarkroomProcessingLine - Darkroom processing line shutting down
]]></system-out>
  <system-err><![CDATA[log4j:WARN No appenders could be found for logger (freemarker.cache).
log4j:WARN Please initialize the log4j system properly.
log4j:WARN See http://logging.apache.org/log4j/1.2/faq.html#noconfig for more info.
]]></system-err>
</testsuite>
