<?xml version="1.0" encoding="UTF-8"?>
<testsuite name="Como usuario quiero ingresar a la aplicacion" tests="1" skipped="0" failures="0" errors="0" timestamp="2022-04-04T21:42:12" hostname="DESKTOP-FJ634HR" time="18.155">
  <properties/>
  <testcase name="Colocar los datos de logeo" classname="Como usuario quiero ingresar a la aplicacion" time="18.155"/>
  <system-out><![CDATA[Implementa-------------------OWAPZAP
]]></system-out>
  <system-err><![CDATA[1590 [Test worker] INFO io.cucumber.core.plugin.SerenityReporter - Running feature from file:///E:/Inteliij/Pruebagitactions/src/test/resources/features/prueba.feature
1790 [Test worker] INFO  - 
  _____   ___   ___   _____     ___   _____     _     ___   _____   ___   ___  
 |_   _| | __| / __| |_   _|   / __| |_   _|   /_\   | _ \ |_   _| | __| |   \ 
   | |   | _|  \__ \   | |     \__ \   | |    / _ \  |   /   | |   | _|  | |) |
   |_|   |___| |___/   |_|     |___/   |_|   /_/ \_\ |_|_\   |_|   |___| |___/ 

Colocar los datos de logeo(como-usuario-quiero-ingresar-a-la-aplicacion;colocar-los-datos-de-logeo)
--------------------------------------------------------------------------------
Starting ChromeDriver 100.0.4896.60 (6a5d10861ce8de5fce22564658033b43cb7de047-refs/branch-heads/4896@{#875}) on port 62817
Only local connections are allowed.
Please see https://chromedriver.chromium.org/security-considerations for suggestions on keeping ChromeDriver safe.
ChromeDriver was started successfully.
abr 04, 2022 4:42:15 PM org.openqa.selenium.remote.ProtocolHandshake createSession
INFORMACIÓN: Detected dialect: W3C
abr 04, 2022 4:42:15 PM org.openqa.selenium.devtools.CdpVersionFinder findNearestMatch
ADVERTENCIA: Unable to find an exact match for CDP version 100, so returning the closest version found: 97
abr 04, 2022 4:42:15 PM org.openqa.selenium.devtools.CdpVersionFinder findNearestMatch
INFORMACIÓN: Found CDP implementation for version 100 of 97
18098 [Test worker] INFO  - 
  _____   ___   ___   _____     ___     _     ___   ___   ___   ___  
 |_   _| | __| / __| |_   _|   | _ \   /_\   / __| / __| | __| |   \ 
   | |   | _|  \__ \   | |     |  _/  / _ \  \__ \ \__ \ | _|  | |) |
   |_|   |___| |___/   |_|     |_|   /_/ \_\ |___/ |___/ |___| |___/ 

Colocar los datos de logeo
----------------------------------------------------------------------
]]></system-err>
</testsuite>
